<?xml version="1.0" encoding="UTF-8"?>
<testng-results ignored="0" total="1" passed="1" failed="0" skipped="0">
  <reporter-output>
  </reporter-output>
  <suite started-at="2024-03-31T11:48:37 EDT" name="Default suite" finished-at="2024-03-31T11:50:16 EDT" duration-ms="98138">
    <groups>
    </groups>
    <test started-at="2024-03-31T11:48:37 EDT" name="Default test" finished-at="2024-03-31T11:50:16 EDT" duration-ms="98138">
      <class name="variousConcepts.crmtest">
        <test-method is-config="true" signature="readconfig()[pri:0, instance:variousConcepts.crmtest@738dc9b]" started-at="2024-03-31T11:48:37 EDT" name="readconfig" finished-at="2024-03-31T11:48:38 EDT" duration-ms="28" status="PASS">
          <reporter-output>
          </reporter-output>
        </test-method> <!-- readconfig -->
        <test-method is-config="true" signature="init()[pri:0, instance:variousConcepts.crmtest@738dc9b]" started-at="2024-03-31T11:48:38 EDT" name="init" finished-at="2024-03-31T11:48:40 EDT" duration-ms="2925" status="PASS">
          <reporter-output>
          </reporter-output>
        </test-method> <!-- init -->
        <test-method signature="AddCustomer()[pri:0, instance:variousConcepts.crmtest@738dc9b]" started-at="2024-03-31T11:48:40 EDT" name="AddCustomer" finished-at="2024-03-31T11:50:11 EDT" duration-ms="90896" status="PASS">
          <reporter-output>
          </reporter-output>
        </test-method> <!-- AddCustomer -->
        <test-method is-config="true" signature="tearDown()[pri:0, instance:variousConcepts.crmtest@738dc9b]" started-at="2024-03-31T11:50:11 EDT" name="tearDown" finished-at="2024-03-31T11:50:16 EDT" duration-ms="4240" status="PASS">
          <reporter-output>
          </reporter-output>
        </test-method> <!-- tearDown -->
      </class> <!-- variousConcepts.crmtest -->
    </test> <!-- Default test -->
  </suite> <!-- Default suite -->
</testng-results>
